<?xml version="1.0" encoding="UTF-8"?>
<!-- Generated by org.testng.reporters.JUnitXMLReporter -->
<testsuite hostname="NATARAJAN" ignored="0" name="Test" tests="1" failures="1" timestamp="08 Oct 2018 06:38:03 GMT" time="40.596" errors="0">
  <testcase name="register" time="40.553" classname="com.citi.automation.framework.testcase.TS001">
    <failure type="java.lang.AssertionError" message="expected [http://magento.com] but found [https://magento.com/]">
      <![CDATA[java.lang.AssertionError: expected [http://magento.com] but found [https://magento.com/]
at com.citi.automation.framework.reusable.WebDriverHelper.navigate(WebDriverHelper.java:57)
at com.citi.automation.framework.reusable.WebDriverHelper.initialize(WebDriverHelper.java:50)
at com.citi.automation.framework.testcase.TS001.register(TS001.java:17)
... Removed 35 stack frames]]>
    </failure>
  </testcase> <!-- register -->
</testsuite> <!-- Test -->
